\BOOKMARK [1][-]{section.1}{Carta\040aos\040professores}{}% 1
\BOOKMARK [1][-]{section.2}{Propostas\040de\040atividades\0401}{}% 2
\BOOKMARK [2][-]{subsection.2.1}{Aprendendo sobre a Crônica como gênero literário}{section.2}% 3
\BOOKMARK [3][-]{subsubsection.2.1.1}{A carroça dos cachorros}{subsection.2.1}% 4
\BOOKMARK [3][-]{subsubsection.2.1.2}{As\040enchentes}{subsection.2.1}% 5
\BOOKMARK [2][-]{subsection.2.2}{A linguagem e seus diferentes contextos e variações}{section.2}% 6
\BOOKMARK [3][-]{subsubsection.2.2.1}{Coisas\040do\040jogo\040do\040``Bicho''}{subsection.2.2}% 7
\BOOKMARK [3][-]{subsubsection.2.2.2}{Coisas de ``mafuá''}{subsection.2.2}% 8
\BOOKMARK [2][-]{subsection.2.3}{Clube da crônica e laboratório de criação}{section.2}% 9
\BOOKMARK [2][-]{subsection.2.4}{Aprendendo sobre o Conto como gênero literário}{section.2}% 10
\BOOKMARK [3][-]{subsubsection.2.4.1}{A\040cartomante}{subsection.2.4}% 11
\BOOKMARK [3][-]{subsubsection.2.4.2}{O homem que sabia javanês}{subsection.2.4}% 12
\BOOKMARK [1][-]{section.3}{Propostas\040de\040atividades\0402}{}% 13
\BOOKMARK [2][-]{subsection.3.1}{Racismo,\040Futebol\040e\040Literatura}{section.3}% 14
\BOOKMARK [3][-]{subsubsection.3.1.1}{Macaquitos}{subsection.3.1}% 15
\BOOKMARK [3][-]{subsubsection.3.1.2}{O\040pecado}{subsection.3.1}% 16
\BOOKMARK [2][-]{subsection.3.2}{Denunciando a Violência contra as mulheres}{section.3}% 17
\BOOKMARK [2][-]{subsection.3.3}{Pré-leitura}{section.3}% 18
\BOOKMARK [2][-]{subsection.3.4}{Leitura}{section.3}% 19
\BOOKMARK [2][-]{subsection.3.5}{Pós-leitura}{section.3}% 20
\BOOKMARK [1][-]{section.4}{Para\040aprofundar}{}% 21
\BOOKMARK [1][-]{section.5}{Sugestões de referências complementares}{}% 22
\BOOKMARK [1][-]{section.6}{Bibliografia\040comentada}{}% 23
\BOOKMARK [2][-]{subsection.6.1}{Sobre\040Lima\040Barreto}{section.6}% 24
\BOOKMARK [2][-]{subsection.6.2}{A\040obra\040de\040Lima\040Barreto\040e\040o\040estudo\040da\040sociedade\040brasileira}{section.6}% 25
\BOOKMARK [2][-]{subsection.6.3}{Sobre o período histórico de Lima Barreto}{section.6}% 26
\BOOKMARK [2][-]{subsection.6.4}{Sobre os gêneros conto e crônica}{section.6}% 27
